<?xml version="1.0" encoding="UTF-8"?>
<!-- Generated by org.testng.reporters.JUnitReportReporter -->
<testsuite hostname="LAPTOP-188TAOSL" failures="0" tests="4" name="api.test.UserTests2" time="8.479" errors="0" timestamp="2023-07-14T16:58:52 IST" skipped="0">
  <testcase classname="api.test.UserTests2" name="testPostUser" time="2.843"/>
  <system-out/>
  <testcase classname="api.test.UserTests2" name="testGetUserByName" time="1.449"/>
  <system-out/>
  <testcase classname="api.test.UserTests2" name="testUpdateUserByName" time="2.756"/>
  <system-out/>
  <testcase classname="api.test.UserTests2" name="testDeleteUserByName" time="1.431"/>
  <system-out/>
</testsuite> <!-- api.test.UserTests2 -->
