<?xml version="1.0" encoding="UTF-8"?>
<!-- Generated by org.testng.reporters.JUnitReportReporter -->
<testsuite hostname="LAPTOP-188TAOSL" failures="0" tests="4" name="api.test.UserTests" time="9.113" errors="0" timestamp="2023-07-14T14:39:13 IST" skipped="0">
  <testcase classname="api.test.UserTests" name="testPostUser" time="3.462"/>
  <system-out/>
  <testcase classname="api.test.UserTests" name="testGetUserByName" time="1.477"/>
  <system-out/>
  <testcase classname="api.test.UserTests" name="testUpdateUserByName" time="2.785"/>
  <system-out/>
  <testcase classname="api.test.UserTests" name="testDeleteUserByName" time="1.389"/>
  <system-out/>
</testsuite> <!-- api.test.UserTests -->
