<?xml version="1.0" encoding="UTF-8"?>
<!-- Generated by org.testng.reporters.JUnitReportReporter -->
<testsuite hostname="LAPTOP-188TAOSL" failures="0" tests="6" name="api.test.DDTest" time="10.508" errors="0" timestamp="2023-07-14T13:44:52 IST" skipped="0">
  <testcase classname="api.test.DDTest" name="testPostuser" time="3.720"/>
  <system-out/>
  <testcase classname="api.test.DDTest" name="testPostuser" time="1.442"/>
  <system-out/>
  <testcase classname="api.test.DDTest" name="testPostuser" time="1.429"/>
  <system-out/>
  <testcase classname="api.test.DDTest" name="testDeleteUserByName" time="1.312"/>
  <system-out/>
  <testcase classname="api.test.DDTest" name="testDeleteUserByName" time="1.267"/>
  <system-out/>
  <testcase classname="api.test.DDTest" name="testDeleteUserByName" time="1.338"/>
  <system-out/>
</testsuite> <!-- api.test.DDTest -->
